<?xml version="1.0" encoding="UTF-8"?>
<testsuite name="com.github.ftfetter.java.spring4.calculator.OperationsTest" tests="5" skipped="0" failures="0" errors="0" timestamp="2017-05-19T19:15:16" hostname="DSK-ilegra0320" time="0.003">
  <properties/>
  <testcase name="testPow" classname="com.github.ftfetter.java.spring4.calculator.OperationsTest" time="0.001"/>
  <testcase name="testSub" classname="com.github.ftfetter.java.spring4.calculator.OperationsTest" time="0.001"/>
  <testcase name="testSum" classname="com.github.ftfetter.java.spring4.calculator.OperationsTest" time="0.0"/>
  <testcase name="testDivision" classname="com.github.ftfetter.java.spring4.calculator.OperationsTest" time="0.0"/>
  <testcase name="testMultiply" classname="com.github.ftfetter.java.spring4.calculator.OperationsTest" time="0.0"/>
  <system-out><![CDATA[]]></system-out>
  <system-err><![CDATA[]]></system-err>
</testsuite>
